2021-03-12 14:05:12.603  INFO 25921 --- [main] c.t.o.OrderdeliveryApplication           : Starting OrderdeliveryApplication using Java 11.0.8 on MacBook-Pro.local with PID 25921 (/Users/jason/IdeaProjects/orderdelivery/build/classes/java/main started by jason in /Users/jason/IdeaProjects/orderdelivery)
2021-03-12 14:05:12.607  INFO 25921 --- [main] c.t.o.OrderdeliveryApplication           : No active profile set, falling back to default profiles: default
2021-03-12 14:05:13.982  INFO 25921 --- [main] .s.d.r.c.RepositoryConfigurationDelegate : Bootstrapping Spring Data JPA repositories in DEFAULT mode.
2021-03-12 14:05:14.001  INFO 25921 --- [main] .s.d.r.c.RepositoryConfigurationDelegate : Finished Spring Data repository scanning in 8 ms. Found 0 JPA repository interfaces.
2021-03-12 14:05:14.683  INFO 25921 --- [main] o.s.b.w.embedded.tomcat.TomcatWebServer  : Tomcat initialized with port(s): 8080 (http)
2021-03-12 14:05:14.766  INFO 25921 --- [main] o.apache.catalina.core.StandardService   : Starting service [Tomcat]
2021-03-12 14:05:14.770  INFO 25921 --- [main] org.apache.catalina.core.StandardEngine  : Starting Servlet engine: [Apache Tomcat/9.0.43]
2021-03-12 14:05:14.878  INFO 25921 --- [main] o.a.c.c.C.[Tomcat].[localhost].[/]       : Initializing Spring embedded WebApplicationContext
2021-03-12 14:05:14.878  INFO 25921 --- [main] w.s.c.ServletWebServerApplicationContext : Root WebApplicationContext: initialization completed in 2149 ms
2021-03-12 14:05:15.752  INFO 25921 --- [main] com.zaxxer.hikari.HikariDataSource       : HikariPool-1 - Starting...
2021-03-12 14:05:15.928  INFO 25921 --- [main] com.zaxxer.hikari.HikariDataSource       : HikariPool-1 - Start completed.
2021-03-12 14:05:16.399  INFO 25921 --- [main] j.LocalContainerEntityManagerFactoryBean : Initialized JPA EntityManagerFactory for persistence unit 'default'
2021-03-12 14:05:16.467  WARN 25921 --- [main] JpaBaseConfiguration$JpaWebConfiguration : spring.jpa.open-in-view is enabled by default. Therefore, database queries may be performed during view rendering. Explicitly configure spring.jpa.open-in-view to disable this warning
2021-03-12 14:05:16.600  INFO 25921 --- [main] o.s.s.concurrent.ThreadPoolTaskExecutor  : Initializing ExecutorService 'applicationTaskExecutor'
2021-03-12 14:05:16.957  INFO 25921 --- [main] o.s.b.a.e.web.EndpointLinksResolver      : Exposing 2 endpoint(s) beneath base path '/actuator'
2021-03-12 14:05:17.032  INFO 25921 --- [main] o.s.b.w.embedded.tomcat.TomcatWebServer  : Tomcat started on port(s): 8080 (http) with context path ''
2021-03-12 14:05:17.046  INFO 25921 --- [main] c.t.o.OrderdeliveryApplication           : Started OrderdeliveryApplication in 5.363 seconds (JVM running for 6.139)
2021-03-12 14:05:30.648  INFO 25921 --- [http-nio-8080-exec-1] o.a.c.c.C.[Tomcat].[localhost].[/]       : Initializing Spring DispatcherServlet 'dispatcherServlet'
2021-03-12 14:07:47.235  INFO 25921 --- [SpringContextShutdownHook] o.s.s.concurrent.ThreadPoolTaskExecutor  : Shutting down ExecutorService 'applicationTaskExecutor'
2021-03-12 14:07:47.235  INFO 25921 --- [SpringContextShutdownHook] j.LocalContainerEntityManagerFactoryBean : Closing JPA EntityManagerFactory for persistence unit 'default'
2021-03-12 14:07:47.239  INFO 25921 --- [SpringContextShutdownHook] com.zaxxer.hikari.HikariDataSource       : HikariPool-1 - Shutdown initiated...
2021-03-12 14:07:47.246  INFO 25921 --- [SpringContextShutdownHook] com.zaxxer.hikari.HikariDataSource       : HikariPool-1 - Shutdown completed.
2021-03-12 14:13:27.747  INFO 25994 --- [main] c.t.o.OrderdeliveryApplication           : Starting OrderdeliveryApplication using Java 11.0.8 on MacBook-Pro.local with PID 25994 (/Users/jason/IdeaProjects/orderdelivery/build/classes/java/main started by jason in /Users/jason/IdeaProjects/orderdelivery)
2021-03-12 14:13:27.752  INFO 25994 --- [main] c.t.o.OrderdeliveryApplication           : No active profile set, falling back to default profiles: default
2021-03-12 14:13:29.056  INFO 25994 --- [main] .s.d.r.c.RepositoryConfigurationDelegate : Bootstrapping Spring Data JPA repositories in DEFAULT mode.
2021-03-12 14:13:29.074  INFO 25994 --- [main] .s.d.r.c.RepositoryConfigurationDelegate : Finished Spring Data repository scanning in 6 ms. Found 0 JPA repository interfaces.
2021-03-12 14:13:29.824  INFO 25994 --- [main] o.s.b.w.embedded.tomcat.TomcatWebServer  : Tomcat initialized with port(s): 8080 (http)
2021-03-12 14:13:29.846  INFO 25994 --- [main] o.apache.catalina.core.StandardService   : Starting service [Tomcat]
2021-03-12 14:13:29.846  INFO 25994 --- [main] org.apache.catalina.core.StandardEngine  : Starting Servlet engine: [Apache Tomcat/9.0.43]
2021-03-12 14:13:29.949  INFO 25994 --- [main] o.a.c.c.C.[Tomcat].[localhost].[/]       : Initializing Spring embedded WebApplicationContext
2021-03-12 14:13:29.949  INFO 25994 --- [main] w.s.c.ServletWebServerApplicationContext : Root WebApplicationContext: initialization completed in 2105 ms
2021-03-12 14:13:30.868  INFO 25994 --- [main] com.zaxxer.hikari.HikariDataSource       : HikariPool-1 - Starting...
2021-03-12 14:13:31.015  INFO 25994 --- [main] com.zaxxer.hikari.HikariDataSource       : HikariPool-1 - Start completed.
2021-03-12 14:13:31.426  INFO 25994 --- [main] j.LocalContainerEntityManagerFactoryBean : Initialized JPA EntityManagerFactory for persistence unit 'default'
2021-03-12 14:13:31.486  WARN 25994 --- [main] JpaBaseConfiguration$JpaWebConfiguration : spring.jpa.open-in-view is enabled by default. Therefore, database queries may be performed during view rendering. Explicitly configure spring.jpa.open-in-view to disable this warning
2021-03-12 14:13:31.612  INFO 25994 --- [main] o.s.s.concurrent.ThreadPoolTaskExecutor  : Initializing ExecutorService 'applicationTaskExecutor'
2021-03-12 14:13:31.936  INFO 25994 --- [main] o.s.b.a.e.web.EndpointLinksResolver      : Exposing 2 endpoint(s) beneath base path '/actuator'
2021-03-12 14:13:31.999  INFO 25994 --- [main] o.s.b.w.embedded.tomcat.TomcatWebServer  : Tomcat started on port(s): 8080 (http) with context path ''
2021-03-12 14:13:32.015  INFO 25994 --- [main] c.t.o.OrderdeliveryApplication           : Started OrderdeliveryApplication in 5.141 seconds (JVM running for 5.867)
2021-03-12 14:13:35.435  INFO 25994 --- [SpringContextShutdownHook] o.s.s.concurrent.ThreadPoolTaskExecutor  : Shutting down ExecutorService 'applicationTaskExecutor'
2021-03-12 14:13:35.446  INFO 25994 --- [SpringContextShutdownHook] j.LocalContainerEntityManagerFactoryBean : Closing JPA EntityManagerFactory for persistence unit 'default'
2021-03-12 14:13:35.451  INFO 25994 --- [SpringContextShutdownHook] com.zaxxer.hikari.HikariDataSource       : HikariPool-1 - Shutdown initiated...
2021-03-12 14:13:35.465  INFO 25994 --- [SpringContextShutdownHook] com.zaxxer.hikari.HikariDataSource       : HikariPool-1 - Shutdown completed.
